<?xml version="1.0" encoding="UTF-8"?>
<testng-results ignored="0" total="1" passed="1" failed="0" skipped="0">
  <reporter-output>
  </reporter-output>
  <suite started-at="2023-03-29T16:08:20 IST" name="Suite" finished-at="2023-03-29T16:08:40 IST" duration-ms="20018">
    <groups>
    </groups>
    <test started-at="2023-03-29T16:08:20 IST" name="Test" finished-at="2023-03-29T16:08:40 IST" duration-ms="20018">
      <class name="test.ActitimeLoginLogout">
        <test-method is-config="true" signature="executionStart()[pri:0, instance:test.ActitimeLoginLogout@5656be13]" started-at="2023-03-29T16:08:20 IST" name="executionStart" finished-at="2023-03-29T16:08:20 IST" duration-ms="14" status="PASS">
          <reporter-output>
          </reporter-output>
        </test-method> <!-- executionStart -->
        <test-method is-config="true" signature="launch()[pri:0, instance:test.ActitimeLoginLogout@5656be13]" started-at="2023-03-29T16:08:20 IST" name="launch" finished-at="2023-03-29T16:08:28 IST" duration-ms="8647" status="PASS">
          <reporter-output>
          </reporter-output>
        </test-method> <!-- launch -->
        <test-method signature="loginlogout()[pri:0, instance:test.ActitimeLoginLogout@5656be13]" started-at="2023-03-29T16:08:28 IST" name="loginlogout" finished-at="2023-03-29T16:08:39 IST" duration-ms="11066" status="PASS">
          <reporter-output>
          </reporter-output>
        </test-method> <!-- loginlogout -->
        <test-method is-config="true" signature="teardown()[pri:0, instance:test.ActitimeLoginLogout@5656be13]" started-at="2023-03-29T16:08:39 IST" name="teardown" finished-at="2023-03-29T16:08:40 IST" duration-ms="255" status="PASS">
          <reporter-output>
          </reporter-output>
        </test-method> <!-- teardown -->
        <test-method is-config="true" signature="executionComplete()[pri:0, instance:test.ActitimeLoginLogout@5656be13]" started-at="2023-03-29T16:08:40 IST" name="executionComplete" finished-at="2023-03-29T16:08:40 IST" duration-ms="0" status="PASS">
          <reporter-output>
          </reporter-output>
        </test-method> <!-- executionComplete -->
      </class> <!-- test.ActitimeLoginLogout -->
    </test> <!-- Test -->
  </suite> <!-- Suite -->
</testng-results>
